<?xml version="1.0" encoding="UTF-8"?>
<testng-results skipped="0" failed="0" ignored="0" total="1" passed="1">
  <reporter-output>
  </reporter-output>
  <suite name="Suite" duration-ms="18883" started-at="2020-10-13T19:10:24 IST" finished-at="2020-10-13T19:10:43 IST">
    <groups>
    </groups>
    <test name="Test" duration-ms="18883" started-at="2020-10-13T19:10:24 IST" finished-at="2020-10-13T19:10:43 IST">
      <class name="com.in.infosys.test.fast">
        <test-method status="PASS" signature="Setup()[pri:0, instance:com.in.infosys.test.fast@1faf8f2]" name="Setup" is-config="true" duration-ms="13078" started-at="2020-10-13T19:10:24 IST" finished-at="2020-10-13T19:10:37 IST">
          <reporter-output>
          </reporter-output>
        </test-method> <!-- Setup -->
        <test-method status="PASS" signature="VerifyCreate()[pri:0, instance:com.in.infosys.test.fast@1faf8f2]" name="VerifyCreate" duration-ms="3570" started-at="2020-10-13T19:10:37 IST" finished-at="2020-10-13T19:10:40 IST">
          <reporter-output>
          </reporter-output>
        </test-method> <!-- VerifyCreate -->
        <test-method status="PASS" signature="Teardown()[pri:0, instance:com.in.infosys.test.fast@1faf8f2]" name="Teardown" is-config="true" duration-ms="2106" started-at="2020-10-13T19:10:40 IST" finished-at="2020-10-13T19:10:43 IST">
          <reporter-output>
          </reporter-output>
        </test-method> <!-- Teardown -->
      </class> <!-- com.in.infosys.test.fast -->
    </test> <!-- Test -->
  </suite> <!-- Suite -->
</testng-results>
