<?xml version="1.0" encoding="UTF-8"?>
<testng-results skipped="0" failed="0" ignored="0" total="1" passed="1">
  <reporter-output>
  </reporter-output>
  <suite name="Suite" duration-ms="35244" started-at="2020-10-13T09:21:27Z" finished-at="2020-10-13T09:22:02Z">
    <groups>
    </groups>
    <test name="Test" duration-ms="35244" started-at="2020-10-13T09:21:27Z" finished-at="2020-10-13T09:22:02Z">
      <class name="com.in.infosys.test.fast">
        <test-method status="PASS" signature="Setup()[pri:0, instance:com.in.infosys.test.fast@1be0360]" name="Setup" is-config="true" duration-ms="31617" started-at="2020-10-13T09:21:27Z" finished-at="2020-10-13T09:21:59Z">
          <reporter-output>
          </reporter-output>
        </test-method> <!-- Setup -->
        <test-method status="PASS" signature="VerifyCreate()[pri:0, instance:com.in.infosys.test.fast@1be0360]" name="VerifyCreate" duration-ms="2821" started-at="2020-10-13T09:21:59Z" finished-at="2020-10-13T09:22:02Z">
          <reporter-output>
          </reporter-output>
        </test-method> <!-- VerifyCreate -->
        <test-method status="PASS" signature="Teardown()[pri:0, instance:com.in.infosys.test.fast@1be0360]" name="Teardown" is-config="true" duration-ms="749" started-at="2020-10-13T09:22:02Z" finished-at="2020-10-13T09:22:02Z">
          <reporter-output>
          </reporter-output>
        </test-method> <!-- Teardown -->
      </class> <!-- com.in.infosys.test.fast -->
    </test> <!-- Test -->
  </suite> <!-- Suite -->
</testng-results>
